Using pre-set license
Built from '2020.3/staging' branch; Version is '2020.3.6f1 (338bb68529b2) revision 3378102'; Using compiler version '192528614'; Build Type 'Release'
OS: 'Windows 10 Pro; OS build 19042.928; Version 2009; 64bit' Language: 'en' Physical Memory: 8150 MB
BatchMode: 1, IsHumanControllingUs: 0, StartBugReporterOnCrash: 0, Is64bit: 1, IsPro: 0

 COMMAND LINE ARGUMENTS:
C:\Program Files\Unity\Hub\Editor\2020.3.6f1\Editor\Unity.exe
-adb2
-batchMode
-noUpm
-name
AssetImportWorker0
-projectPath
D:/unity/ArgonAssault
-logFile
Logs/AssetImportWorker0.log
-srvPort
51591
Successfully changed project path to: D:/unity/ArgonAssault
D:/unity/ArgonAssault
Using Asset Import Pipeline V2.
Refreshing native plugins compatible for Editor in 64.03 ms, found 0 plugins.
Preloading 0 native plugins for Editor in 0.00 ms.
Initialize engine version: 2020.3.6f1 (338bb68529b2)
[Subsystems] Discovering subsystems at path C:/Program Files/Unity/Hub/Editor/2020.3.6f1/Editor/Data/Resources/UnitySubsystems
[Subsystems] Discovering subsystems at path D:/unity/ArgonAssault/Assets
GfxDevice: creating device client; threaded=0
Direct3D:
    Version:  Direct3D 11.0 [level 11.0]
    Renderer: NVIDIA GeForce GT 710 (ID=0x128b)
    Vendor:   
    VRAM:     2007 MB
    Driver:   27.21.14.5671
Initialize mono
Mono path[0] = 'C:/Program Files/Unity/Hub/Editor/2020.3.6f1/Editor/Data/Managed'
Mono path[1] = 'C:/Program Files/Unity/Hub/Editor/2020.3.6f1/Editor/Data/MonoBleedingEdge/lib/mono/unityjit'
Mono config path = 'C:/Program Files/Unity/Hub/Editor/2020.3.6f1/Editor/Data/MonoBleedingEdge/etc'
Using monoOptions --debugger-agent=transport=dt_socket,embedding=1,server=y,suspend=n,address=127.0.0.1:56416
Begin MonoManager ReloadAssembly
Registering precompiled unity dll's ...
Register platform support module: C:/Program Files/Unity/Hub/Editor/2020.3.6f1/Editor/Data/PlaybackEngines/WindowsStandaloneSupport/UnityEditor.WindowsStandalone.Extensions.dll
Registered in 0.003392 seconds.
Native extension for WindowsStandalone target not found
Refreshing native plugins compatible for Editor in 46.48 ms, found 0 plugins.
Preloading 0 native plugins for Editor in 0.00 ms.
Mono: successfully reloaded assembly
- Completed reload, in  3.323 seconds
Platform modules already initialized, skipping
Registering precompiled user dll's ...
Registered in 0.000897 seconds.
Begin MonoManager ReloadAssembly
Native extension for WindowsStandalone target not found
Refreshing native plugins compatible for Editor in 45.17 ms, found 0 plugins.
Preloading 0 native plugins for Editor in 0.00 ms.
Mono: successfully reloaded assembly
- Completed reload, in  1.983 seconds
Platform modules already initialized, skipping
========================================================================
Worker process is ready to serve import requests
Launched and connected shader compiler UnityShaderCompiler.exe after 0.09 seconds
Refreshing native plugins compatible for Editor in 0.35 ms, found 0 plugins.
Preloading 0 native plugins for Editor in 0.00 ms.
Unloading 1326 Unused Serialized files (Serialized files now loaded: 0)
System memory in use before: 85.3 MB.
System memory in use after: 82.1 MB.

Unloading 56 unused Assets to reduce memory usage. Loaded Objects now: 1765.
Total: 4.387600 ms (FindLiveObjects: 0.563300 ms CreateObjectMapping: 0.281400 ms MarkObjects: 1.865200 ms  DeleteObjects: 1.675300 ms)

========================================================================
Received Import Request.
  path: Assets/Materials
  artifactKey: Guid(185ab8de89b0b93419b6680cb7684e40) Importer(815301076,1909f56bfc062723c751e8b465ee728b)
Start importing Assets/Materials using Guid(185ab8de89b0b93419b6680cb7684e40) Importer(815301076,1909f56bfc062723c751e8b465ee728b)  -> (artifact id: '4cab45029b5c99fdd1701e198a18a4b6') in 0.042016 seconds
  Import took 0.053631 seconds .

========================================================================
Received Import Request.
  Time since last request: 8.977037 seconds.
  path: Assets/Materials/Skybox.mat
  artifactKey: Guid(5aa83fa0c2b6d76478c5ef371f361aef) Importer(815301076,1909f56bfc062723c751e8b465ee728b)
Start importing Assets/Materials/Skybox.mat using Guid(5aa83fa0c2b6d76478c5ef371f361aef) Importer(815301076,1909f56bfc062723c751e8b465ee728b)  -> (artifact id: 'd0c94dac26aad21256211fecde65a75f') in 0.167146 seconds
  Import took 0.191620 seconds .

========================================================================
Received Import Request.
  Time since last request: 23.416278 seconds.
  path: Assets/Materials/Skybox.mat
  artifactKey: Guid(5aa83fa0c2b6d76478c5ef371f361aef) Importer(815301076,1909f56bfc062723c751e8b465ee728b)
Start importing Assets/Materials/Skybox.mat using Guid(5aa83fa0c2b6d76478c5ef371f361aef) Importer(815301076,1909f56bfc062723c751e8b465ee728b)  -> (artifact id: '4531d28ffcac09ccadccf02aaa3b038a') in 0.020471 seconds
  Import took 0.036493 seconds .

========================================================================
Received Import Request.
  Time since last request: 3.737285 seconds.
  path: Assets/Materials/Skybox.mat
  artifactKey: Guid(5aa83fa0c2b6d76478c5ef371f361aef) Importer(815301076,1909f56bfc062723c751e8b465ee728b)
Start importing Assets/Materials/Skybox.mat using Guid(5aa83fa0c2b6d76478c5ef371f361aef) Importer(815301076,1909f56bfc062723c751e8b465ee728b)  -> (artifact id: '1c1f1a83bf7bffa1e1dcfcacab77d480') in 0.018226 seconds
  Import took 0.028329 seconds .

========================================================================
Received Import Request.
  Time since last request: 14.336137 seconds.
  path: Assets/Materials/Skybox.mat
  artifactKey: Guid(5aa83fa0c2b6d76478c5ef371f361aef) Importer(815301076,1909f56bfc062723c751e8b465ee728b)
Start importing Assets/Materials/Skybox.mat using Guid(5aa83fa0c2b6d76478c5ef371f361aef) Importer(815301076,1909f56bfc062723c751e8b465ee728b)  -> (artifact id: 'c242c5d0b6849414f633065177cf6aac') in 0.020002 seconds
  Import took 0.029120 seconds .

========================================================================
Received Import Request.
  Time since last request: 95.310561 seconds.
  path: Assets/SkyBox Volume 2/DeepSpaceBlue
  artifactKey: Guid(0ca4e0b4ed4a1dd40bf975ad6f1e8bc5) Importer(815301076,1909f56bfc062723c751e8b465ee728b)
Start importing Assets/SkyBox Volume 2/DeepSpaceBlue using Guid(0ca4e0b4ed4a1dd40bf975ad6f1e8bc5) Importer(815301076,1909f56bfc062723c751e8b465ee728b)  -> (artifact id: '915d6e66ede67d0c7229709960a624b5') in 0.011558 seconds
  Import took 0.018649 seconds .

========================================================================
Received Import Request.
  Time since last request: 0.057927 seconds.
  path: Assets/SkyBox Volume 2/DeepSpaceBlue/backImage.png
  artifactKey: Guid(d733e8221be901b429039b23c12749c6) Importer(815301076,1909f56bfc062723c751e8b465ee728b)
Start importing Assets/SkyBox Volume 2/DeepSpaceBlue/backImage.png using Guid(d733e8221be901b429039b23c12749c6) Importer(815301076,1909f56bfc062723c751e8b465ee728b)  -> (artifact id: '78d383ed456f50941109a47e9374e394') in 0.099614 seconds
  Import took 0.129792 seconds .

========================================================================
Received Import Request.
  Time since last request: 0.000304 seconds.
  path: Assets/SkyBox Volume 2/DeepSpaceBlue/DSB.mat
  artifactKey: Guid(e980bc7fbb00dc34b86b95ac842d1920) Importer(815301076,1909f56bfc062723c751e8b465ee728b)
Start importing Assets/SkyBox Volume 2/DeepSpaceBlue/DSB.mat using Guid(e980bc7fbb00dc34b86b95ac842d1920) Importer(815301076,1909f56bfc062723c751e8b465ee728b)  -> (artifact id: '5bf7f77c774636122ace4278dde11458') in 0.291439 seconds
  Import took 0.302922 seconds .

========================================================================
Received Import Request.
  Time since last request: 0.000246 seconds.
  path: Assets/SkyBox Volume 2/DeepSpaceBlue/downImage.png
  artifactKey: Guid(53236b56bc0208c49936b442daccbb62) Importer(815301076,1909f56bfc062723c751e8b465ee728b)
Start importing Assets/SkyBox Volume 2/DeepSpaceBlue/downImage.png using Guid(53236b56bc0208c49936b442daccbb62) Importer(815301076,1909f56bfc062723c751e8b465ee728b)  -> (artifact id: '758799ef5873b6d17acc09e4b82b6d06') in 0.025103 seconds
  Import took 0.028346 seconds .

========================================================================
Received Import Request.
  Time since last request: 0.000262 seconds.
  path: Assets/SkyBox Volume 2/DeepSpaceBlue/leftImage.png
  artifactKey: Guid(a40174c675fc1264dbbe1c9b83c7f29f) Importer(815301076,1909f56bfc062723c751e8b465ee728b)
Start importing Assets/SkyBox Volume 2/DeepSpaceBlue/leftImage.png using Guid(a40174c675fc1264dbbe1c9b83c7f29f) Importer(815301076,1909f56bfc062723c751e8b465ee728b)  -> (artifact id: '55298a5be849dabae0f896912f1f9bf0') in 0.030326 seconds
  Import took 0.048739 seconds .

========================================================================
Received Import Request.
  Time since last request: 0.000237 seconds.
  path: Assets/SkyBox Volume 2/DeepSpaceBlue/frontImage.png
  artifactKey: Guid(3c74d9b24e6f1a24c8a23d012f45f750) Importer(815301076,1909f56bfc062723c751e8b465ee728b)
Start importing Assets/SkyBox Volume 2/DeepSpaceBlue/frontImage.png using Guid(3c74d9b24e6f1a24c8a23d012f45f750) Importer(815301076,1909f56bfc062723c751e8b465ee728b)  -> (artifact id: 'b27c98f4849cc984914422b963786b59') in 0.018496 seconds
  Import took 0.032767 seconds .

========================================================================
Received Import Request.
  Time since last request: 0.000240 seconds.
  path: Assets/SkyBox Volume 2/DeepSpaceBlue/rightImage.png
  artifactKey: Guid(9dd9f87fe1ab7744fb7fb7046e3cfbfb) Importer(815301076,1909f56bfc062723c751e8b465ee728b)
Start importing Assets/SkyBox Volume 2/DeepSpaceBlue/rightImage.png using Guid(9dd9f87fe1ab7744fb7fb7046e3cfbfb) Importer(815301076,1909f56bfc062723c751e8b465ee728b)  -> (artifact id: 'f7877561328a22d032a820940f081748') in 0.019473 seconds
  Import took 0.030626 seconds .

========================================================================
Received Import Request.
  Time since last request: 0.000262 seconds.
  path: Assets/SkyBox Volume 2/DeepSpaceBlue/upImage.png
  artifactKey: Guid(bd01d8f5deedc054ea3c866c4df95a94) Importer(815301076,1909f56bfc062723c751e8b465ee728b)
Start importing Assets/SkyBox Volume 2/DeepSpaceBlue/upImage.png using Guid(bd01d8f5deedc054ea3c866c4df95a94) Importer(815301076,1909f56bfc062723c751e8b465ee728b)  -> (artifact id: '86626035b867c89e6bafe992b678af46') in 0.038506 seconds
  Import took 0.053771 seconds .

========================================================================
Received Import Request.
  Time since last request: 35.135615 seconds.
  path: Assets/SkyBox Volume 2/DeepSpaceGreen
  artifactKey: Guid(74237da403fd05c44a384bce3949024c) Importer(815301076,1909f56bfc062723c751e8b465ee728b)
Start importing Assets/SkyBox Volume 2/DeepSpaceGreen using Guid(74237da403fd05c44a384bce3949024c) Importer(815301076,1909f56bfc062723c751e8b465ee728b)  -> (artifact id: '63f177bb3efa99c4509f8327b7b2e6c2') in 0.007810 seconds
  Import took 0.034522 seconds .

========================================================================
Received Import Request.
  Time since last request: 0.002672 seconds.
  path: Assets/SkyBox Volume 2/DeepSpaceGreen/backImage.png
  artifactKey: Guid(968c95c521a144942bcb53ab0dba230e) Importer(815301076,1909f56bfc062723c751e8b465ee728b)
Start importing Assets/SkyBox Volume 2/DeepSpaceGreen/backImage.png using Guid(968c95c521a144942bcb53ab0dba230e) Importer(815301076,1909f56bfc062723c751e8b465ee728b)  -> (artifact id: 'a05caaff97b00fa9484068d80143cdb9') in 0.019227 seconds
  Import took 0.033692 seconds .

========================================================================
Received Import Request.
  Time since last request: 0.000306 seconds.
  path: Assets/SkyBox Volume 2/DeepSpaceGreen/downImage.png
  artifactKey: Guid(8fa9128ee1c5bf84bbe093c7f8a0523a) Importer(815301076,1909f56bfc062723c751e8b465ee728b)
Start importing Assets/SkyBox Volume 2/DeepSpaceGreen/downImage.png using Guid(8fa9128ee1c5bf84bbe093c7f8a0523a) Importer(815301076,1909f56bfc062723c751e8b465ee728b)  -> (artifact id: '2c2f73830cf237c24030defda4d0a871') in 0.035308 seconds
  Import took 0.052367 seconds .

========================================================================
Received Import Request.
  Time since last request: 0.000337 seconds.
  path: Assets/SkyBox Volume 2/DeepSpaceGreen/upImage.png
  artifactKey: Guid(376b86c8806901b4990daf9dc1615895) Importer(815301076,1909f56bfc062723c751e8b465ee728b)
Start importing Assets/SkyBox Volume 2/DeepSpaceGreen/upImage.png using Guid(376b86c8806901b4990daf9dc1615895) Importer(815301076,1909f56bfc062723c751e8b465ee728b)  -> (artifact id: '41009e4b8bf8481b28b745d5e0f5af3e') in 0.017459 seconds
  Import took 0.030161 seconds .

========================================================================
Received Import Request.
  Time since last request: 0.000309 seconds.
  path: Assets/SkyBox Volume 2/DeepSpaceGreen/frontImage.png
  artifactKey: Guid(05a43da33c7eccf46bfece6a05db470f) Importer(815301076,1909f56bfc062723c751e8b465ee728b)
Start importing Assets/SkyBox Volume 2/DeepSpaceGreen/frontImage.png using Guid(05a43da33c7eccf46bfece6a05db470f) Importer(815301076,1909f56bfc062723c751e8b465ee728b)  -> (artifact id: 'c4fa5b4391ef09cf4c322f9242bd334a') in 0.019543 seconds
  Import took 0.029132 seconds .

========================================================================
Received Import Request.
  Time since last request: 0.000293 seconds.
  path: Assets/SkyBox Volume 2/DeepSpaceGreen/leftImage.png
  artifactKey: Guid(b3e3bb55f10dc644daa8a354dc0030ed) Importer(815301076,1909f56bfc062723c751e8b465ee728b)
Start importing Assets/SkyBox Volume 2/DeepSpaceGreen/leftImage.png using Guid(b3e3bb55f10dc644daa8a354dc0030ed) Importer(815301076,1909f56bfc062723c751e8b465ee728b)  -> (artifact id: '43f3e125f4e803403f47221bdec1dc03') in 0.019542 seconds
  Import took 0.022650 seconds .

========================================================================
Received Import Request.
  Time since last request: 0.000266 seconds.
  path: Assets/SkyBox Volume 2/DeepSpaceGreen/DSG.mat
  artifactKey: Guid(a07fadb24ea940240afba3afc1a692cc) Importer(815301076,1909f56bfc062723c751e8b465ee728b)
Start importing Assets/SkyBox Volume 2/DeepSpaceGreen/DSG.mat using Guid(a07fadb24ea940240afba3afc1a692cc) Importer(815301076,1909f56bfc062723c751e8b465ee728b)  -> (artifact id: '835d7abed92b61ad4177492c9b223d76') in 0.054882 seconds
  Import took 0.066368 seconds .

========================================================================
Received Import Request.
  Time since last request: 0.000331 seconds.
  path: Assets/SkyBox Volume 2/DeepSpaceGreen/rightImage.png
  artifactKey: Guid(7cc04e6ef3221c043afaef956af7b86f) Importer(815301076,1909f56bfc062723c751e8b465ee728b)
Start importing Assets/SkyBox Volume 2/DeepSpaceGreen/rightImage.png using Guid(7cc04e6ef3221c043afaef956af7b86f) Importer(815301076,1909f56bfc062723c751e8b465ee728b)  -> (artifact id: 'f8624562c7bc17f7c191969ed465050a') in 0.017395 seconds
  Import took 0.019863 seconds .

========================================================================
Received Import Request.
  Time since last request: 2.998851 seconds.
  path: Assets/SkyBox Volume 2/DeepSpaceBlueWithPlanet
  artifactKey: Guid(bb11b43256baf3a4fb62a3bd2aff9205) Importer(815301076,1909f56bfc062723c751e8b465ee728b)
Start importing Assets/SkyBox Volume 2/DeepSpaceBlueWithPlanet using Guid(bb11b43256baf3a4fb62a3bd2aff9205) Importer(815301076,1909f56bfc062723c751e8b465ee728b)  -> (artifact id: '784a6cd4c8586242ce2d718c152140ca') in 0.007387 seconds
  Import took 0.010455 seconds .

========================================================================
Received Import Request.
  Time since last request: 0.060407 seconds.
  path: Assets/SkyBox Volume 2/DeepSpaceBlueWithPlanet/backImage.png
  artifactKey: Guid(04550512a36deb34887e513ee0f31545) Importer(815301076,1909f56bfc062723c751e8b465ee728b)
Start importing Assets/SkyBox Volume 2/DeepSpaceBlueWithPlanet/backImage.png using Guid(04550512a36deb34887e513ee0f31545) Importer(815301076,1909f56bfc062723c751e8b465ee728b)  -> (artifact id: 'dd1ae20a68b45ffbc1178a7fb18cdfb8') in 0.019289 seconds
  Import took 0.022511 seconds .

========================================================================
Received Import Request.
  Time since last request: 0.000304 seconds.
  path: Assets/SkyBox Volume 2/DeepSpaceBlueWithPlanet/DSBWP.mat
  artifactKey: Guid(b8f20d5ca50d16143afc11f5e4af6fc1) Importer(815301076,1909f56bfc062723c751e8b465ee728b)
Start importing Assets/SkyBox Volume 2/DeepSpaceBlueWithPlanet/DSBWP.mat using Guid(b8f20d5ca50d16143afc11f5e4af6fc1) Importer(815301076,1909f56bfc062723c751e8b465ee728b)  -> (artifact id: 'b996b928fb315530b68e4d5b63f6988e') in 0.047476 seconds
  Import took 0.053003 seconds .

========================================================================
Received Import Request.
  Time since last request: 0.000290 seconds.
  path: Assets/SkyBox Volume 2/DeepSpaceBlueWithPlanet/frontImage.png
  artifactKey: Guid(5695b2a32243d1e40884ad984dd6423d) Importer(815301076,1909f56bfc062723c751e8b465ee728b)
Start importing Assets/SkyBox Volume 2/DeepSpaceBlueWithPlanet/frontImage.png using Guid(5695b2a32243d1e40884ad984dd6423d) Importer(815301076,1909f56bfc062723c751e8b465ee728b)  -> (artifact id: 'e2df8bd20a4b2a56bd78c94c7299bf19') in 0.042034 seconds
  Import took 0.045796 seconds .

========================================================================
Received Import Request.
  Time since last request: 0.000298 seconds.
  path: Assets/SkyBox Volume 2/DeepSpaceBlueWithPlanet/leftImage.png
  artifactKey: Guid(0373ee03f989db143826ef682bb33f93) Importer(815301076,1909f56bfc062723c751e8b465ee728b)
Start importing Assets/SkyBox Volume 2/DeepSpaceBlueWithPlanet/leftImage.png using Guid(0373ee03f989db143826ef682bb33f93) Importer(815301076,1909f56bfc062723c751e8b465ee728b)  -> (artifact id: '9cd276fad7eb778d03346f8acd85018b') in 0.020069 seconds
  Import took 0.033619 seconds .

========================================================================
Received Import Request.
  Time since last request: 0.000348 seconds.
  path: Assets/SkyBox Volume 2/DeepSpaceBlueWithPlanet/downImage.png
  artifactKey: Guid(42f68b6cc6ff3fa47b83a2664bf08ae9) Importer(815301076,1909f56bfc062723c751e8b465ee728b)
Start importing Assets/SkyBox Volume 2/DeepSpaceBlueWithPlanet/downImage.png using Guid(42f68b6cc6ff3fa47b83a2664bf08ae9) Importer(815301076,1909f56bfc062723c751e8b465ee728b)  -> (artifact id: '5170a712041fa8aed3f6f127ab3d5107') in 0.017248 seconds
  Import took 0.032727 seconds .

========================================================================
Received Import Request.
  Time since last request: 0.000281 seconds.
  path: Assets/SkyBox Volume 2/DeepSpaceBlueWithPlanet/upImage.png
  artifactKey: Guid(5c4046e19400c9f44961b6350406ae65) Importer(815301076,1909f56bfc062723c751e8b465ee728b)
Start importing Assets/SkyBox Volume 2/DeepSpaceBlueWithPlanet/upImage.png using Guid(5c4046e19400c9f44961b6350406ae65) Importer(815301076,1909f56bfc062723c751e8b465ee728b)  -> (artifact id: 'fd06b64cbdfcf5ebac7b9401f5e15a1c') in 0.044104 seconds
  Import took 0.053222 seconds .

========================================================================
Received Import Request.
  Time since last request: 0.000347 seconds.
  path: Assets/SkyBox Volume 2/DeepSpaceBlueWithPlanet/rightImage.png
  artifactKey: Guid(ba628713edc8c9246ae86c79210da921) Importer(815301076,1909f56bfc062723c751e8b465ee728b)
Start importing Assets/SkyBox Volume 2/DeepSpaceBlueWithPlanet/rightImage.png using Guid(ba628713edc8c9246ae86c79210da921) Importer(815301076,1909f56bfc062723c751e8b465ee728b)  -> (artifact id: '06bfa99cc9205d359378970386fdd732') in 0.013869 seconds
  Import took 0.025614 seconds .

========================================================================
Received Import Request.
  Time since last request: 23.548055 seconds.
  path: Assets/SkyBox Volume 2/DeepSpaceRed
  artifactKey: Guid(aec20bae16981804e904b706430847f2) Importer(815301076,1909f56bfc062723c751e8b465ee728b)
Start importing Assets/SkyBox Volume 2/DeepSpaceRed using Guid(aec20bae16981804e904b706430847f2) Importer(815301076,1909f56bfc062723c751e8b465ee728b)  -> (artifact id: '906294cd71bfcee293d17149209dbc10') in 0.008059 seconds
  Import took 0.023793 seconds .

========================================================================
Received Import Request.
  Time since last request: 0.049466 seconds.
  path: Assets/SkyBox Volume 2/DeepSpaceRed/backImage.png
  artifactKey: Guid(0d37d5a7bd77d4c4d87538ec79a8c071) Importer(815301076,1909f56bfc062723c751e8b465ee728b)
Start importing Assets/SkyBox Volume 2/DeepSpaceRed/backImage.png using Guid(0d37d5a7bd77d4c4d87538ec79a8c071) Importer(815301076,1909f56bfc062723c751e8b465ee728b)  -> (artifact id: 'bedb67453250ad8394b9e7fea1434ead') in 0.020515 seconds
  Import took 0.023845 seconds .

========================================================================
Received Import Request.
  Time since last request: 0.000299 seconds.
  path: Assets/SkyBox Volume 2/DeepSpaceRed/leftImage.png
  artifactKey: Guid(f4ff7b3598c10f443b97a6624d7226e1) Importer(815301076,1909f56bfc062723c751e8b465ee728b)
Start importing Assets/SkyBox Volume 2/DeepSpaceRed/leftImage.png using Guid(f4ff7b3598c10f443b97a6624d7226e1) Importer(815301076,1909f56bfc062723c751e8b465ee728b)  -> (artifact id: 'ac9cf40a14acc142e593ba1904131261') in 0.018857 seconds
  Import took 0.033922 seconds .

========================================================================
Received Import Request.
  Time since last request: 0.000313 seconds.
  path: Assets/SkyBox Volume 2/DeepSpaceRed/DSR.mat
  artifactKey: Guid(966766f4829d6ad419eaaf7cf0712f85) Importer(815301076,1909f56bfc062723c751e8b465ee728b)
Start importing Assets/SkyBox Volume 2/DeepSpaceRed/DSR.mat using Guid(966766f4829d6ad419eaaf7cf0712f85) Importer(815301076,1909f56bfc062723c751e8b465ee728b)  -> (artifact id: '4a183e4f76b398cf821da3c9d826432d') in 0.072631 seconds
  Import took 0.090942 seconds .

========================================================================
Received Import Request.
  Time since last request: 0.000291 seconds.
  path: Assets/SkyBox Volume 2/DeepSpaceRed/frontImage.png
  artifactKey: Guid(8ded2db630cde5548a1cb01fe3ffea49) Importer(815301076,1909f56bfc062723c751e8b465ee728b)
Start importing Assets/SkyBox Volume 2/DeepSpaceRed/frontImage.png using Guid(8ded2db630cde5548a1cb01fe3ffea49) Importer(815301076,1909f56bfc062723c751e8b465ee728b)  -> (artifact id: 'd2d85c52d0681ec9d8b8d0cc0ae3ae22') in 0.016128 seconds
  Import took 0.019508 seconds .

========================================================================
Received Import Request.
  Time since last request: 0.000275 seconds.
  path: Assets/SkyBox Volume 2/DeepSpaceRed/downImage.png
  artifactKey: Guid(bf0c0b6ba4b05d843b2035b5af2141c8) Importer(815301076,1909f56bfc062723c751e8b465ee728b)
Start importing Assets/SkyBox Volume 2/DeepSpaceRed/downImage.png using Guid(bf0c0b6ba4b05d843b2035b5af2141c8) Importer(815301076,1909f56bfc062723c751e8b465ee728b)  -> (artifact id: '96f447cf7dc1bdb7aee0ba02271dd07b') in 0.018971 seconds
  Import took 0.029962 seconds .

========================================================================
Received Import Request.
  Time since last request: 0.000266 seconds.
  path: Assets/SkyBox Volume 2/DeepSpaceRed/upImage.png
  artifactKey: Guid(640a66a6c0d7e9a43950f36dd7dc9094) Importer(815301076,1909f56bfc062723c751e8b465ee728b)
Start importing Assets/SkyBox Volume 2/DeepSpaceRed/upImage.png using Guid(640a66a6c0d7e9a43950f36dd7dc9094) Importer(815301076,1909f56bfc062723c751e8b465ee728b)  -> (artifact id: '863fdb69cccb167693e8911d21ff3d7b') in 0.019713 seconds
  Import took 0.022333 seconds .

========================================================================
Received Import Request.
  Time since last request: 0.000261 seconds.
  path: Assets/SkyBox Volume 2/DeepSpaceRed/rightImage.png
  artifactKey: Guid(6ea2e7ab328ea214a97f55c279f4a884) Importer(815301076,1909f56bfc062723c751e8b465ee728b)
Start importing Assets/SkyBox Volume 2/DeepSpaceRed/rightImage.png using Guid(6ea2e7ab328ea214a97f55c279f4a884) Importer(815301076,1909f56bfc062723c751e8b465ee728b)  -> (artifact id: 'd135879270e9fda776c8074387f4aa4a') in 0.044493 seconds
  Import took 0.047760 seconds .

========================================================================
Received Import Request.
  Time since last request: 2.116085 seconds.
  path: Assets/SkyBox Volume 2/DeepSpaceGreenWithPlanet
  artifactKey: Guid(94e907fb830d72c468881aeef98b3f48) Importer(815301076,1909f56bfc062723c751e8b465ee728b)
Start importing Assets/SkyBox Volume 2/DeepSpaceGreenWithPlanet using Guid(94e907fb830d72c468881aeef98b3f48) Importer(815301076,1909f56bfc062723c751e8b465ee728b)  -> (artifact id: 'e4660484742ecd1cd18bdbb1127f7576') in 0.007662 seconds
  Import took 0.015184 seconds .

========================================================================
Received Import Request.
  Time since last request: 0.059196 seconds.
  path: Assets/SkyBox Volume 2/DeepSpaceGreenWithPlanet/backImage.png
  artifactKey: Guid(b8eac033bd49f0f4a8914a7454a2ec3c) Importer(815301076,1909f56bfc062723c751e8b465ee728b)
Start importing Assets/SkyBox Volume 2/DeepSpaceGreenWithPlanet/backImage.png using Guid(b8eac033bd49f0f4a8914a7454a2ec3c) Importer(815301076,1909f56bfc062723c751e8b465ee728b)  -> (artifact id: 'bfdd6596d5c374efcb0b8a7c52cb7ca7') in 0.018600 seconds
  Import took 0.022537 seconds .

========================================================================
Received Import Request.
  Time since last request: 0.000319 seconds.
  path: Assets/SkyBox Volume 2/DeepSpaceGreenWithPlanet/upImage.png
  artifactKey: Guid(82671bcdbbcc6f54c86c3c2c6ed06aa8) Importer(815301076,1909f56bfc062723c751e8b465ee728b)
Start importing Assets/SkyBox Volume 2/DeepSpaceGreenWithPlanet/upImage.png using Guid(82671bcdbbcc6f54c86c3c2c6ed06aa8) Importer(815301076,1909f56bfc062723c751e8b465ee728b)  -> (artifact id: 'd68baf9c6a0924da5684402dedd1438c') in 0.018605 seconds
  Import took 0.032808 seconds .

========================================================================
Received Import Request.
  Time since last request: 0.000290 seconds.
  path: Assets/SkyBox Volume 2/DeepSpaceGreenWithPlanet/downImage.png
  artifactKey: Guid(06d8be9df22e9d443a0aefb29905bd87) Importer(815301076,1909f56bfc062723c751e8b465ee728b)
Start importing Assets/SkyBox Volume 2/DeepSpaceGreenWithPlanet/downImage.png using Guid(06d8be9df22e9d443a0aefb29905bd87) Importer(815301076,1909f56bfc062723c751e8b465ee728b)  -> (artifact id: '4b5df50cf746d853e5c250d412ec29c0') in 0.017744 seconds
  Import took 0.020541 seconds .

========================================================================
Received Import Request.
  Time since last request: 0.000283 seconds.
  path: Assets/SkyBox Volume 2/DeepSpaceGreenWithPlanet/DSGWP.mat
  artifactKey: Guid(5b21c6a8ce40f9641bd1204324b90b2c) Importer(815301076,1909f56bfc062723c751e8b465ee728b)
Start importing Assets/SkyBox Volume 2/DeepSpaceGreenWithPlanet/DSGWP.mat using Guid(5b21c6a8ce40f9641bd1204324b90b2c) Importer(815301076,1909f56bfc062723c751e8b465ee728b)  -> (artifact id: '29586895d6c809a6f5fb5ee0a8bc6c98') in 0.073264 seconds
  Import took 0.086149 seconds .

========================================================================
Received Import Request.
  Time since last request: 0.000356 seconds.
  path: Assets/SkyBox Volume 2/DeepSpaceGreenWithPlanet/leftImage.png
  artifactKey: Guid(25f74bd5fd43fe94a9bf7a33040c8fbf) Importer(815301076,1909f56bfc062723c751e8b465ee728b)
Start importing Assets/SkyBox Volume 2/DeepSpaceGreenWithPlanet/leftImage.png using Guid(25f74bd5fd43fe94a9bf7a33040c8fbf) Importer(815301076,1909f56bfc062723c751e8b465ee728b)  -> (artifact id: '16e0b25ab6dda4f9b3a55fbed8dc414d') in 0.020412 seconds
  Import took 0.050802 seconds .

========================================================================
Received Import Request.
  Time since last request: 0.000289 seconds.
  path: Assets/SkyBox Volume 2/DeepSpaceGreenWithPlanet/frontImage.png
  artifactKey: Guid(400d172508883dc4eb23264cb156581f) Importer(815301076,1909f56bfc062723c751e8b465ee728b)
Start importing Assets/SkyBox Volume 2/DeepSpaceGreenWithPlanet/frontImage.png using Guid(400d172508883dc4eb23264cb156581f) Importer(815301076,1909f56bfc062723c751e8b465ee728b)  -> (artifact id: '202973b5c852f0f3e6ef31d512eb72be') in 0.019337 seconds
  Import took 0.035480 seconds .

========================================================================
Received Import Request.
  Time since last request: 0.000290 seconds.
  path: Assets/SkyBox Volume 2/DeepSpaceGreenWithPlanet/rightImage.png
  artifactKey: Guid(61e6c3739167eb34abfef78dcc131203) Importer(815301076,1909f56bfc062723c751e8b465ee728b)
Start importing Assets/SkyBox Volume 2/DeepSpaceGreenWithPlanet/rightImage.png using Guid(61e6c3739167eb34abfef78dcc131203) Importer(815301076,1909f56bfc062723c751e8b465ee728b)  -> (artifact id: 'd36624a17c2b2d5d0d0c8ea77015e1b5') in 0.021118 seconds
  Import took 0.023884 seconds .

========================================================================
Received Prepare
Registering precompiled user dll's ...
Registered in 0.000747 seconds.
Begin MonoManager ReloadAssembly
Native extension for WindowsStandalone target not found
Refreshing native plugins compatible for Editor in 0.41 ms, found 0 plugins.
Preloading 0 native plugins for Editor in 0.00 ms.
Mono: successfully reloaded assembly
- Completed reload, in  1.374 seconds
Platform modules already initialized, skipping
Refreshing native plugins compatible for Editor in 0.38 ms, found 0 plugins.
Preloading 0 native plugins for Editor in 0.00 ms.
Unloading 1304 Unused Serialized files (Serialized files now loaded: 0)
System memory in use before: 87.2 MB.
System memory in use after: 84.0 MB.

Unloading 41 unused Assets to reduce memory usage. Loaded Objects now: 1810.
Total: 4.231800 ms (FindLiveObjects: 0.253200 ms CreateObjectMapping: 0.125200 ms MarkObjects: 2.022900 ms  DeleteObjects: 1.828900 ms)

========================================================================
Received Prepare
Registering precompiled user dll's ...
Registered in 0.000745 seconds.
Begin MonoManager ReloadAssembly
Native extension for WindowsStandalone target not found
Refreshing native plugins compatible for Editor in 0.37 ms, found 0 plugins.
Preloading 0 native plugins for Editor in 0.00 ms.
Mono: successfully reloaded assembly
- Completed reload, in  1.577 seconds
Platform modules already initialized, skipping
Refreshing native plugins compatible for Editor in 0.65 ms, found 0 plugins.
Preloading 0 native plugins for Editor in 0.00 ms.
Unloading 1304 Unused Serialized files (Serialized files now loaded: 0)
System memory in use before: 87.2 MB.
System memory in use after: 84.0 MB.

Unloading 41 unused Assets to reduce memory usage. Loaded Objects now: 1813.
Total: 6.413100 ms (FindLiveObjects: 0.381800 ms CreateObjectMapping: 0.140100 ms MarkObjects: 3.509400 ms  DeleteObjects: 2.378300 ms)

========================================================================
Received Prepare
Registering precompiled user dll's ...
Registered in 0.001109 seconds.
Begin MonoManager ReloadAssembly
Native extension for WindowsStandalone target not found
Refreshing native plugins compatible for Editor in 0.36 ms, found 0 plugins.
Preloading 0 native plugins for Editor in 0.00 ms.
[ScriptCompilation] NOT recompiling all scripts because this is an import worker process. Reason to compile was: Define symbols changed
Mono: successfully reloaded assembly
- Completed reload, in  1.634 seconds
Platform modules already initialized, skipping
Refreshing native plugins compatible for Editor in 0.40 ms, found 0 plugins.
Preloading 0 native plugins for Editor in 0.00 ms.
Unloading 1424 Unused Serialized files (Serialized files now loaded: 0)
System memory in use before: 95.8 MB.
System memory in use after: 90.5 MB.

Unloading 68 unused Assets to reduce memory usage. Loaded Objects now: 1909.
Total: 4.786300 ms (FindLiveObjects: 0.230300 ms CreateObjectMapping: 0.103400 ms MarkObjects: 1.924100 ms  DeleteObjects: 2.526700 ms)

========================================================================
Received Import Request.
  Time since last request: 475.327428 seconds.
  path: Assets/New Post-processing Profile.asset
  artifactKey: Guid(26f3df6d0639a9c449e69bbaba37788c) Importer(815301076,1909f56bfc062723c751e8b465ee728b)
Start importing Assets/New Post-processing Profile.asset using Guid(26f3df6d0639a9c449e69bbaba37788c) Importer(815301076,1909f56bfc062723c751e8b465ee728b)  -> (artifact id: 'bcb2628bb6de5ac357547564182116d4') in 0.028392 seconds
  Import took 0.032484 seconds .

========================================================================
Received Import Request.
  Time since last request: 0.016982 seconds.
  path: Assets/New Post-processing Profile.asset
  artifactKey: Guid(26f3df6d0639a9c449e69bbaba37788c) Importer(815301076,1909f56bfc062723c751e8b465ee728b)
Start importing Assets/New Post-processing Profile.asset using Guid(26f3df6d0639a9c449e69bbaba37788c) Importer(815301076,1909f56bfc062723c751e8b465ee728b)  -> (artifact id: 'bcb2628bb6de5ac357547564182116d4') in 0.003064 seconds
  Import took 0.006725 seconds .

========================================================================
Received Import Request.
  Time since last request: 8.891638 seconds.
  path: Assets/Global PP.asset
  artifactKey: Guid(26f3df6d0639a9c449e69bbaba37788c) Importer(815301076,1909f56bfc062723c751e8b465ee728b)
Start importing Assets/Global PP.asset using Guid(26f3df6d0639a9c449e69bbaba37788c) Importer(815301076,1909f56bfc062723c751e8b465ee728b)  -> (artifact id: '54e9ed0eb5ea00e2ef7422f501b73482') in 0.007278 seconds
  Import took 0.011149 seconds .

========================================================================
Received Import Request.
  Time since last request: 0.033114 seconds.
  path: Assets/Global PP.asset
  artifactKey: Guid(26f3df6d0639a9c449e69bbaba37788c) Importer(815301076,1909f56bfc062723c751e8b465ee728b)
Start importing Assets/Global PP.asset using Guid(26f3df6d0639a9c449e69bbaba37788c) Importer(815301076,1909f56bfc062723c751e8b465ee728b)  -> (artifact id: '54e9ed0eb5ea00e2ef7422f501b73482') in 0.002862 seconds
  Import took 0.006523 seconds .

========================================================================
Received Import Request.
  Time since last request: 16.235625 seconds.
  path: ProjectSettings/TagManager.asset
  artifactKey: Guid(00000000000000003000000000000000) Importer(815301076,1909f56bfc062723c751e8b465ee728b)
Start importing ProjectSettings/TagManager.asset using Guid(00000000000000003000000000000000) Importer(815301076,1909f56bfc062723c751e8b465ee728b)  -> (artifact id: '18680f18226ef515e5bbc5a31121ca69') in 0.008778 seconds
  Import took 0.014080 seconds .

========================================================================
Received Import Request.
  Time since last request: 0.001956 seconds.
  path: ProjectSettings/TagManager.asset
  artifactKey: Guid(00000000000000003000000000000000) Importer(815301076,1909f56bfc062723c751e8b465ee728b)
Start importing ProjectSettings/TagManager.asset using Guid(00000000000000003000000000000000) Importer(815301076,1909f56bfc062723c751e8b465ee728b)  -> (artifact id: '18680f18226ef515e5bbc5a31121ca69') in 0.005654 seconds
  Import took 0.010254 seconds .

========================================================================
Received Import Request.
  Time since last request: 36.467137 seconds.
  path: Assets/Global PP.asset
  artifactKey: Guid(26f3df6d0639a9c449e69bbaba37788c) Importer(815301076,1909f56bfc062723c751e8b465ee728b)
Start importing Assets/Global PP.asset using Guid(26f3df6d0639a9c449e69bbaba37788c) Importer(815301076,1909f56bfc062723c751e8b465ee728b)  -> (artifact id: '5b44f23554ae1a96f73cc0b57b3c8aa0') in 0.008897 seconds
  Import took 0.012892 seconds .

========================================================================
Received Import Request.
  Time since last request: 53.746841 seconds.
  path: Assets/Prefabs/Player Rig.prefab
  artifactKey: Guid(25f66c4f6c361f442974fe2ef310512a) Importer(815301076,1909f56bfc062723c751e8b465ee728b)
Start importing Assets/Prefabs/Player Rig.prefab using Guid(25f66c4f6c361f442974fe2ef310512a) Importer(815301076,1909f56bfc062723c751e8b465ee728b)  -> (artifact id: '6ef7b2fcaba722bf234c2ee8eecd8858') in 0.205301 seconds
  Import took 0.222878 seconds .

========================================================================
Received Import Request.
  Time since last request: 2.677808 seconds.
  path: Assets/Prefabs/Post Processing.prefab
  artifactKey: Guid(2f048b7b1919d164d9c094e4b19037d9) Importer(815301076,1909f56bfc062723c751e8b465ee728b)
Start importing Assets/Prefabs/Post Processing.prefab using Guid(2f048b7b1919d164d9c094e4b19037d9) Importer(815301076,1909f56bfc062723c751e8b465ee728b)  -> (artifact id: '76aa1e1d8ed9877a104d39d2c0e28dd1') in 0.010656 seconds
  Import took 0.014532 seconds .

========================================================================
Received Import Request.
  Time since last request: 0.030952 seconds.
  path: Assets/Prefabs/Post Processing.prefab
  artifactKey: Guid(2f048b7b1919d164d9c094e4b19037d9) Importer(815301076,1909f56bfc062723c751e8b465ee728b)
Start importing Assets/Prefabs/Post Processing.prefab using Guid(2f048b7b1919d164d9c094e4b19037d9) Importer(815301076,1909f56bfc062723c751e8b465ee728b)  -> (artifact id: '76aa1e1d8ed9877a104d39d2c0e28dd1') in 0.003975 seconds
  Import took 0.007723 seconds .

========================================================================
Received Prepare
Registering precompiled user dll's ...
Registered in 0.000751 seconds.
Begin MonoManager ReloadAssembly
Native extension for WindowsStandalone target not found
Refreshing native plugins compatible for Editor in 0.36 ms, found 0 plugins.
Preloading 0 native plugins for Editor in 0.00 ms.
Mono: successfully reloaded assembly
- Completed reload, in  1.337 seconds
Platform modules already initialized, skipping
Refreshing native plugins compatible for Editor in 0.38 ms, found 0 plugins.
Preloading 0 native plugins for Editor in 0.00 ms.
Unloading 1424 Unused Serialized files (Serialized files now loaded: 0)
System memory in use before: 95.9 MB.
System memory in use after: 90.6 MB.

Unloading 70 unused Assets to reduce memory usage. Loaded Objects now: 1913.
Total: 4.574500 ms (FindLiveObjects: 0.179000 ms CreateObjectMapping: 0.076600 ms MarkObjects: 1.790500 ms  DeleteObjects: 2.526900 ms)

========================================================================
Received Prepare
Registering precompiled user dll's ...
Registered in 0.001109 seconds.
Begin MonoManager ReloadAssembly
Native extension for WindowsStandalone target not found
Refreshing native plugins compatible for Editor in 0.47 ms, found 0 plugins.
Preloading 0 native plugins for Editor in 0.00 ms.
Mono: successfully reloaded assembly
- Completed reload, in  1.372 seconds
Platform modules already initialized, skipping
Refreshing native plugins compatible for Editor in 0.37 ms, found 0 plugins.
Preloading 0 native plugins for Editor in 0.00 ms.
Unloading 1424 Unused Serialized files (Serialized files now loaded: 0)
System memory in use before: 95.9 MB.
System memory in use after: 90.6 MB.

Unloading 68 unused Assets to reduce memory usage. Loaded Objects now: 1916.
Total: 6.213600 ms (FindLiveObjects: 0.355200 ms CreateObjectMapping: 0.141900 ms MarkObjects: 2.611900 ms  DeleteObjects: 3.102800 ms)

========================================================================
Received Prepare
Registering precompiled user dll's ...
Registered in 0.000945 seconds.
Begin MonoManager ReloadAssembly
Native extension for WindowsStandalone target not found
Refreshing native plugins compatible for Editor in 0.52 ms, found 0 plugins.
Preloading 0 native plugins for Editor in 0.00 ms.
Mono: successfully reloaded assembly
- Completed reload, in  1.319 seconds
Platform modules already initialized, skipping
Refreshing native plugins compatible for Editor in 0.38 ms, found 0 plugins.
Preloading 0 native plugins for Editor in 0.00 ms.
Unloading 1424 Unused Serialized files (Serialized files now loaded: 0)
System memory in use before: 95.9 MB.
System memory in use after: 90.6 MB.

Unloading 68 unused Assets to reduce memory usage. Loaded Objects now: 1919.
Total: 5.508300 ms (FindLiveObjects: 0.277500 ms CreateObjectMapping: 0.142900 ms MarkObjects: 2.383900 ms  DeleteObjects: 2.702500 ms)

AssetImportWorkerClient::OnTransportError - code=2 error=End of file
